<?xml version="1.0" encoding="UTF-8"?>
<!-- Generated by org.testng.reporters.JUnitReportReporter -->
<testsuite hostname="DESKTOP-LFI4QP4" failures="0" tests="1" name="JavaScriptexecutor.ScrollUpAndDown" time="39.312" errors="0" timestamp="2022-07-04T16:21:56 IST" skipped="0">
  <testcase classname="JavaScriptexecutor.ScrollUpAndDown" name="main" time="39.312"/>
  <system-out/>
</testsuite> <!-- JavaScriptexecutor.ScrollUpAndDown -->
