<?xml version="1.0" encoding="UTF-8"?>
<!-- Generated by org.testng.reporters.JUnitReportReporter -->
<testsuite hostname="DESKTOP-LFI4QP4" failures="0" tests="1" name="ActionClsMethods.ActionClassMethods" time="13.820" errors="0" timestamp="2022-07-05T15:52:40 IST" skipped="0">
  <testcase classname="ActionClsMethods.ActionClassMethods" name="methodsOfActions" time="13.820"/>
  <system-out/>
</testsuite> <!-- ActionClsMethods.ActionClassMethods -->
