<?xml version="1.0" encoding="UTF-8"?>
<!-- Generated by org.testng.reporters.JUnitReportReporter -->
<testsuite hostname="DESKTOP-LFI4QP4" failures="0" tests="1" name="MySeleniumPractice.TakingScreenshot" time="5.467" errors="0" timestamp="2022-07-05T21:19:35 IST" skipped="0">
  <testcase classname="MySeleniumPractice.TakingScreenshot" name="test" time="5.467"/>
  <system-out/>
</testsuite> <!-- MySeleniumPractice.TakingScreenshot -->
