<?xml version="1.0" encoding="UTF-8"?>
<!-- Generated by org.testng.reporters.JUnitReportReporter -->
<testsuite hostname="DESKTOP-LFI4QP4" failures="0" tests="1" name="MySeleniumPractice.WebElement_Interface_Methods" time="23.204" errors="0" timestamp="2022-07-04T13:58:18 IST" skipped="0">
  <testcase classname="MySeleniumPractice.WebElement_Interface_Methods" name="test" time="23.204"/>
  <system-out/>
</testsuite> <!-- MySeleniumPractice.WebElement_Interface_Methods -->
