<?xml version="1.0" encoding="UTF-8"?>
<!-- Generated by org.testng.reporters.JUnitReportReporter -->
<testsuite hostname="DESKTOP-LFI4QP4" failures="0" tests="1" name="MySeleniumPractice.TypesOfWaits" time="7.154" errors="0" timestamp="2022-04-05T20:27:11 IST" skipped="0">
  <testcase classname="MySeleniumPractice.TypesOfWaits" name="implicit" time="7.154"/>
  <system-out/>
</testsuite> <!-- MySeleniumPractice.TypesOfWaits -->
