<?xml version="1.0" encoding="UTF-8"?>
<!-- Generated by org.testng.reporters.JUnitReportReporter -->
<testsuite hostname="DESKTOP-LFI4QP4" failures="0" tests="1" name="ActionClsMethods.MouseOperations" time="13.463" errors="0" timestamp="2022-07-05T21:26:29 IST" skipped="0">
  <testcase classname="ActionClsMethods.MouseOperations" name="dragAndDrop" time="13.463"/>
  <system-out/>
</testsuite> <!-- ActionClsMethods.MouseOperations -->
