<?xml version="1.0" encoding="UTF-8"?>
<!-- Generated by org.testng.reporters.JUnitReportReporter -->
<testsuite hostname="DESKTOP-LFI4QP4" failures="0" tests="1" name="Cfp133Practice.ValidatingFb" time="14.560" errors="0" timestamp="2022-07-03T20:17:26 IST" skipped="0">
  <testcase classname="Cfp133Practice.ValidatingFb" name="test" time="14.560"/>
  <system-out/>
</testsuite> <!-- Cfp133Practice.ValidatingFb -->
