<?xml version="1.0" encoding="UTF-8"?>
<!-- Generated by org.testng.reporters.JUnitReportReporter -->
<testsuite hostname="DESKTOP-LFI4QP4" failures="0" tests="1" name="Cfp133Practice.FaceBookRegistration" time="32.746" errors="0" timestamp="2022-07-05T15:59:35 IST" skipped="0">
  <testcase classname="Cfp133Practice.FaceBookRegistration" name="test" time="32.746"/>
  <system-out/>
</testsuite> <!-- Cfp133Practice.FaceBookRegistration -->
