<?xml version="1.0" encoding="UTF-8"?>
<!-- Generated by org.testng.reporters.JUnitReportReporter -->
<testsuite hostname="DESKTOP-LFI4QP4" failures="0" tests="1" name="MySeleniumPractice.MouseAndKeyboardOperations" time="33.859" errors="0" timestamp="2022-07-04T15:44:22 IST" skipped="0">
  <testcase classname="MySeleniumPractice.MouseAndKeyboardOperations" name="mouse_Keyboard" time="33.859"/>
  <system-out/>
</testsuite> <!-- MySeleniumPractice.MouseAndKeyboardOperations -->
