<?xml version="1.0" encoding="UTF-8"?>
<!-- Generated by org.testng.reporters.JUnitReportReporter -->
<testsuite hostname="DESKTOP-LFI4QP4" failures="0" tests="1" name="MySeleniumPractice.Handling_Frames" time="6.516" errors="0" timestamp="2022-07-05T13:48:16 IST" skipped="0">
  <testcase classname="MySeleniumPractice.Handling_Frames" name="handling_Frames_Using_Index_Of_The_Frame" time="6.516"/>
  <system-out/>
</testsuite> <!-- MySeleniumPractice.Handling_Frames -->
