<?xml version="1.0" encoding="UTF-8"?>
<!-- Generated by org.testng.reporters.JUnitReportReporter -->
<testsuite hostname="DESKTOP-LFI4QP4" failures="0" tests="1" name="CfpPractice.Firstday" time="28.898" errors="0" timestamp="2022-03-09T10:50:35 IST" skipped="0">
  <testcase classname="CfpPractice.Firstday" name="test" time="28.898"/>
  <system-out/>
</testsuite> <!-- CfpPractice.Firstday -->
